  main.cpp
C:\Users\ag629\source\repos\OSLab4\OSLab4\main.cpp(6,27): error C2039: 'vector': is not a member of 'std'
C:\Program Files\Microsoft Visual Studio\2022\Community\VC\Tools\MSVC\14.31.31103\include\thread(32): message : see declaration of 'std'
C:\Users\ag629\source\repos\OSLab4\OSLab4\main.cpp(6,34): error C4430: missing type specifier - int assumed. Note: C++ does not support default-int
C:\Users\ag629\source\repos\OSLab4\OSLab4\main.cpp(6,34): error C2143: syntax error: missing ',' before '<'
C:\Users\ag629\source\repos\OSLab4\OSLab4\main.cpp(8,15): error C2065: 'blockI': undeclared identifier
C:\Users\ag629\source\repos\OSLab4\OSLab4\main.cpp(8,36): error C2065: 'blockI': undeclared identifier
C:\Users\ag629\source\repos\OSLab4\OSLab4\main.cpp(8,45): error C2065: 'blockSize': undeclared identifier
C:\Users\ag629\source\repos\OSLab4\OSLab4\main.cpp(8,55): error C2065: 'matrixSize': undeclared identifier
C:\Users\ag629\source\repos\OSLab4\OSLab4\main.cpp(8,32): error C2672: 'std::min': no matching overloaded function found
C:\Users\ag629\source\repos\OSLab4\OSLab4\main.cpp(8,65): error C2780: '_Ty std::min(std::initializer_list<_Elem>)': expects 1 arguments - 2 provided
C:\Program Files\Microsoft Visual Studio\2022\Community\VC\Tools\MSVC\14.31.31103\include\utility(74): message : see declaration of 'std::min'
C:\Users\ag629\source\repos\OSLab4\OSLab4\main.cpp(8,65): error C2780: 'const _Ty &std::min(const _Ty &,const _Ty &,_Pr) noexcept(<expr>)': expects 3 arguments - 2 provided
C:\Program Files\Microsoft Visual Studio\2022\Community\VC\Tools\MSVC\14.31.31103\include\utility(54): message : see declaration of 'std::min'
C:\Users\ag629\source\repos\OSLab4\OSLab4\main.cpp(9,16): error C2065: 'blockJ': undeclared identifier
C:\Users\ag629\source\repos\OSLab4\OSLab4\main.cpp(9,37): error C2065: 'blockJ': undeclared identifier
C:\Users\ag629\source\repos\OSLab4\OSLab4\main.cpp(9,46): error C2065: 'blockSize': undeclared identifier
C:\Users\ag629\source\repos\OSLab4\OSLab4\main.cpp(9,56): error C2065: 'matrixSize': undeclared identifier
C:\Users\ag629\source\repos\OSLab4\OSLab4\main.cpp(9,33): error C2672: 'std::min': no matching overloaded function found
C:\Users\ag629\source\repos\OSLab4\OSLab4\main.cpp(9,66): error C2780: '_Ty std::min(std::initializer_list<_Elem>)': expects 1 arguments - 2 provided
C:\Program Files\Microsoft Visual Studio\2022\Community\VC\Tools\MSVC\14.31.31103\include\utility(74): message : see declaration of 'std::min'
C:\Users\ag629\source\repos\OSLab4\OSLab4\main.cpp(9,66): error C2780: 'const _Ty &std::min(const _Ty &,const _Ty &,_Pr) noexcept(<expr>)': expects 3 arguments - 2 provided
C:\Program Files\Microsoft Visual Studio\2022\Community\VC\Tools\MSVC\14.31.31103\include\utility(54): message : see declaration of 'std::min'
C:\Users\ag629\source\repos\OSLab4\OSLab4\main.cpp(10,23): error C2065: 'matrixSize': undeclared identifier
C:\Users\ag629\source\repos\OSLab4\OSLab4\main.cpp(11,5): error C2065: 'resM': undeclared identifier
C:\Users\ag629\source\repos\OSLab4\OSLab4\main.cpp(11,19): error C2065: 'm1': undeclared identifier
C:\Users\ag629\source\repos\OSLab4\OSLab4\main.cpp(11,30): error C2065: 'm2': undeclared identifier
C:\Users\ag629\source\repos\OSLab4\OSLab4\main.cpp(14,28): error C2039: 'vector': is not a member of 'std'
C:\Program Files\Microsoft Visual Studio\2022\Community\VC\Tools\MSVC\14.31.31103\include\thread(32): message : see declaration of 'std'
C:\Users\ag629\source\repos\OSLab4\OSLab4\main.cpp(14,35): error C4430: missing type specifier - int assumed. Note: C++ does not support default-int
C:\Users\ag629\source\repos\OSLab4\OSLab4\main.cpp(14,35): error C2143: syntax error: missing ',' before '<'
C:\Users\ag629\source\repos\OSLab4\OSLab4\main.cpp(16,32): error C2065: 'matrixSize': undeclared identifier
C:\Users\ag629\source\repos\OSLab4\OSLab4\main.cpp(16,54): error C2065: 'blockSize': undeclared identifier
C:\Users\ag629\source\repos\OSLab4\OSLab4\main.cpp(17,33): error C2065: 'matrixSize': undeclared identifier
C:\Users\ag629\source\repos\OSLab4\OSLab4\main.cpp(17,55): error C2065: 'blockSize': undeclared identifier
C:\Users\ag629\source\repos\OSLab4\OSLab4\main.cpp(18,14): error C2065: 'm1': undeclared identifier
C:\Users\ag629\source\repos\OSLab4\OSLab4\main.cpp(18,18): error C2065: 'm2': undeclared identifier
C:\Users\ag629\source\repos\OSLab4\OSLab4\main.cpp(18,22): error C2065: 'resM': undeclared identifier
C:\Users\ag629\source\repos\OSLab4\OSLab4\main.cpp(18,44): error C2065: 'matrixSize': undeclared identifier
C:\Users\ag629\source\repos\OSLab4\OSLab4\main.cpp(18,56): error C2065: 'blockSize': undeclared identifier
C:\Users\ag629\source\repos\OSLab4\OSLab4\main.cpp(21,27): error C2039: 'vector': is not a member of 'std'
C:\Program Files\Microsoft Visual Studio\2022\Community\VC\Tools\MSVC\14.31.31103\include\thread(32): message : see declaration of 'std'
C:\Users\ag629\source\repos\OSLab4\OSLab4\main.cpp(21,34): error C4430: missing type specifier - int assumed. Note: C++ does not support default-int
C:\Users\ag629\source\repos\OSLab4\OSLab4\main.cpp(21,34): error C2143: syntax error: missing ',' before '<'
C:\Users\ag629\source\repos\OSLab4\OSLab4\main.cpp(23,7): error C2039: 'vector': is not a member of 'std'
C:\Program Files\Microsoft Visual Studio\2022\Community\VC\Tools\MSVC\14.31.31103\include\thread(32): message : see declaration of 'std'
C:\Users\ag629\source\repos\OSLab4\OSLab4\main.cpp(23,19): error C2275: 'std::thread': illegal use of this type as an expression
C:\Users\ag629\source\repos\OSLab4\OSLab4\main.cpp(23): message : see declaration of 'std::thread'
C:\Users\ag629\source\repos\OSLab4\OSLab4\main.cpp(23,27): error C2065: 'threads': undeclared identifier
C:\Users\ag629\source\repos\OSLab4\OSLab4\main.cpp(24,32): error C2065: 'matrixSize': undeclared identifier
C:\Users\ag629\source\repos\OSLab4\OSLab4\main.cpp(24,54): error C2065: 'blockSize': undeclared identifier
C:\Users\ag629\source\repos\OSLab4\OSLab4\main.cpp(25,33): error C2065: 'matrixSize': undeclared identifier
C:\Users\ag629\source\repos\OSLab4\OSLab4\main.cpp(25,55): error C2065: 'blockSize': undeclared identifier
C:\Users\ag629\source\repos\OSLab4\OSLab4\main.cpp(26,4): error C2065: 'threads': undeclared identifier
C:\Users\ag629\source\repos\OSLab4\OSLab4\main.cpp(26,46): error C2065: 'm1': undeclared identifier
C:\Users\ag629\source\repos\OSLab4\OSLab4\main.cpp(26,61): error C2065: 'm2': undeclared identifier
C:\Users\ag629\source\repos\OSLab4\OSLab4\main.cpp(26,75): error C2065: 'resM': undeclared identifier
C:\Users\ag629\source\repos\OSLab4\OSLab4\main.cpp(26,98): error C2065: 'matrixSize': undeclared identifier
C:\Users\ag629\source\repos\OSLab4\OSLab4\main.cpp(26,110): error C2065: 'blockSize': undeclared identifier
C:\Users\ag629\source\repos\OSLab4\OSLab4\main.cpp(27,19): error C2065: 'threads': undeclared identifier
C:\Users\ag629\source\repos\OSLab4\OSLab4\main.cpp(27,2): error C2530: 'thrd': references must be initialized
C:\Users\ag629\source\repos\OSLab4\OSLab4\main.cpp(27,2): error C3531: 'thrd': a symbol whose type contains 'auto' must have an initializer
C:\Users\ag629\source\repos\OSLab4\OSLab4\main.cpp(27,17): error C2143: syntax error: missing ';' before ':'
C:\Users\ag629\source\repos\OSLab4\OSLab4\main.cpp(27,26): error C2143: syntax error: missing ';' before ')'
C:\Users\ag629\source\repos\OSLab4\OSLab4\main.cpp(31,21): error C2039: 'vector': is not a member of 'std'
C:\Program Files\Microsoft Visual Studio\2022\Community\VC\Tools\MSVC\14.31.31103\include\thread(32): message : see declaration of 'std'
C:\Users\ag629\source\repos\OSLab4\OSLab4\main.cpp(31,6): error C2182: 'getMatrix': illegal use of type 'void'
C:\Users\ag629\source\repos\OSLab4\OSLab4\main.cpp(31,27): error C2065: 'vector': undeclared identifier
C:\Users\ag629\source\repos\OSLab4\OSLab4\main.cpp(31,34): error C2039: 'vector': is not a member of 'std'
C:\Program Files\Microsoft Visual Studio\2022\Community\VC\Tools\MSVC\14.31.31103\include\thread(32): message : see declaration of 'std'
C:\Users\ag629\source\repos\OSLab4\OSLab4\main.cpp(31,40): error C2065: 'vector': undeclared identifier
C:\Users\ag629\source\repos\OSLab4\OSLab4\main.cpp(31,41): error C2062: type 'int' unexpected
C:\Users\ag629\source\repos\OSLab4\OSLab4\main.cpp(32,1): error C2143: syntax error: missing ';' before '{'
C:\Users\ag629\source\repos\OSLab4\OSLab4\main.cpp(32,1): error C2447: '{': missing function header (old-style formal list?)
C:\Users\ag629\source\repos\OSLab4\OSLab4\main.cpp(53,7): error C2039: 'vector': is not a member of 'std'
C:\Program Files\Microsoft Visual Studio\2022\Community\VC\Tools\MSVC\14.31.31103\include\thread(32): message : see declaration of 'std'
C:\Users\ag629\source\repos\OSLab4\OSLab4\main.cpp(53,13): error C2065: 'vector': undeclared identifier
C:\Users\ag629\source\repos\OSLab4\OSLab4\main.cpp(53,20): error C2039: 'vector': is not a member of 'std'
C:\Program Files\Microsoft Visual Studio\2022\Community\VC\Tools\MSVC\14.31.31103\include\thread(32): message : see declaration of 'std'
C:\Users\ag629\source\repos\OSLab4\OSLab4\main.cpp(53,26): error C2065: 'vector': undeclared identifier
C:\Users\ag629\source\repos\OSLab4\OSLab4\main.cpp(53,27): error C2062: type 'int' unexpected
C:\Users\ag629\source\repos\OSLab4\OSLab4\main.cpp(54,7): error C2039: 'vector': is not a member of 'std'
C:\Program Files\Microsoft Visual Studio\2022\Community\VC\Tools\MSVC\14.31.31103\include\thread(32): message : see declaration of 'std'
C:\Users\ag629\source\repos\OSLab4\OSLab4\main.cpp(54,13): error C2065: 'vector': undeclared identifier
C:\Users\ag629\source\repos\OSLab4\OSLab4\main.cpp(54,20): error C2039: 'vector': is not a member of 'std'
C:\Program Files\Microsoft Visual Studio\2022\Community\VC\Tools\MSVC\14.31.31103\include\thread(32): message : see declaration of 'std'
C:\Users\ag629\source\repos\OSLab4\OSLab4\main.cpp(54,26): error C2065: 'vector': undeclared identifier
C:\Users\ag629\source\repos\OSLab4\OSLab4\main.cpp(54,27): error C2062: type 'int' unexpected
C:\Users\ag629\source\repos\OSLab4\OSLab4\main.cpp(55,7): error C2039: 'vector': is not a member of 'std'
C:\Program Files\Microsoft Visual Studio\2022\Community\VC\Tools\MSVC\14.31.31103\include\thread(32): message : see declaration of 'std'
C:\Users\ag629\source\repos\OSLab4\OSLab4\main.cpp(55,13): error C2065: 'vector': undeclared identifier
C:\Users\ag629\source\repos\OSLab4\OSLab4\main.cpp(55,20): error C2039: 'vector': is not a member of 'std'
C:\Program Files\Microsoft Visual Studio\2022\Community\VC\Tools\MSVC\14.31.31103\include\thread(32): message : see declaration of 'std'
C:\Users\ag629\source\repos\OSLab4\OSLab4\main.cpp(55,26): error C2065: 'vector': undeclared identifier
C:\Users\ag629\source\repos\OSLab4\OSLab4\main.cpp(55,27): error C2062: type 'int' unexpected
C:\Users\ag629\source\repos\OSLab4\OSLab4\main.cpp(55,52): error C2039: 'vector': is not a member of 'std'
C:\Program Files\Microsoft Visual Studio\2022\Community\VC\Tools\MSVC\14.31.31103\include\thread(32): message : see declaration of 'std'
C:\Users\ag629\source\repos\OSLab4\OSLab4\main.cpp(56,12): error C2065: 'm1': undeclared identifier
C:\Users\ag629\source\repos\OSLab4\OSLab4\main.cpp(57,12): error C2065: 'm2': undeclared identifier
C:\Users\ag629\source\repos\OSLab4\OSLab4\main.cpp(60,13): error C2065: 'm1': undeclared identifier
C:\Users\ag629\source\repos\OSLab4\OSLab4\main.cpp(60,17): error C2065: 'm2': undeclared identifier
C:\Users\ag629\source\repos\OSLab4\OSLab4\main.cpp(60,21): error C2065: 'm3': undeclared identifier
